1/35                   
2/35 [setup]           
3/35                   
4/35 [unnamed-chunk-1] 
5/35                   
6/35 [unnamed-chunk-2] 
7/35                   
8/35 [unnamed-chunk-3] 
9/35                   
10/35 [unnamed-chunk-4] 
11/35                   
12/35 [unnamed-chunk-5] 
13/35                   
14/35 [unnamed-chunk-6] 
15/35                   
16/35 [unnamed-chunk-7] 
17/35                   
18/35 [unnamed-chunk-8] 
19/35                   
20/35 [unnamed-chunk-9] 
21/35                   
22/35 [unnamed-chunk-10]
23/35                   
24/35 [unnamed-chunk-11]
25/35                   
26/35 [unnamed-chunk-12]
27/35                   
28/35 [unnamed-chunk-13]
29/35                   
30/35 [unnamed-chunk-14]
31/35                   
32/35 [unnamed-chunk-15]
33/35                   
34/35 [unnamed-chunk-16]
35/35                   
/usr/bin/pandoc +RTS -K512m -RTS Run_QC_Skyline_nextflow_individual_files.knit.md --to latex --from markdown+autolink_bare_uris+tex_math_single_backslash --output QC-2_Blank-1_20241212_A_EC_JM-Breath-2_02.tex --lua-filter /usr/local/lib/R/site-library/rmarkdown/rmarkdown/lua/pagebreak.lua --lua-filter /usr/local/lib/R/site-library/rmarkdown/rmarkdown/lua/latex-div.lua --embed-resources --standalone --table-of-contents --toc-depth 1 --highlight-style tango --pdf-engine pdflatex --variable graphics --include-in-header /tmp/RtmprhSTNz/rmarkdown-str202787910b.html --variable 'geometry:margin=1in' --include-in-header /tmp/RtmprhSTNz/rmarkdown-str20371b8224.html 
